;;; TOOL: run-interp-spec
;;; STDIN_FILE: third_party/testsuite/proposals/reference-types/table_grow.wast
;;; ARGS*: --enable-reference-types
(;; STDOUT ;;;
out/test/spec/reference-types/table_grow.wast:14: assert_trap passed: out of bounds table access
out/test/spec/reference-types/table_grow.wast:15: assert_trap passed: out of bounds table access
out/test/spec/reference-types/table_grow.wast:22: assert_trap passed: out of bounds table access
out/test/spec/reference-types/table_grow.wast:23: assert_trap passed: out of bounds table access
out/test/spec/reference-types/table_grow.wast:34: assert_trap passed: out of bounds table access
out/test/spec/reference-types/table_grow.wast:35: assert_trap passed: out of bounds table access
out/test/spec/reference-types/table_grow.wast:98: assert_invalid passed:
  error: type mismatch in table.grow, expected [anyref, i32] but got []
  0000021: error: OnTableGrowExpr callback failed
out/test/spec/reference-types/table_grow.wast:107: assert_invalid passed:
  error: type mismatch in table.grow, expected [anyref, i32] but got [nullref]
  0000022: error: OnTableGrowExpr callback failed
out/test/spec/reference-types/table_grow.wast:116: assert_invalid passed:
  error: type mismatch in table.grow, expected [anyref, i32] but got [i32]
  0000023: error: OnTableGrowExpr callback failed
out/test/spec/reference-types/table_grow.wast:125: assert_invalid passed:
  error: type mismatch in table.grow, expected [anyref, i32] but got [nullref, f32]
  0000027: error: OnTableGrowExpr callback failed
out/test/spec/reference-types/table_grow.wast:134: assert_invalid passed:
  error: type mismatch in table.grow, expected [funcref, i32] but got [anyref, i32]
  0000026: error: OnTableGrowExpr callback failed
out/test/spec/reference-types/table_grow.wast:144: assert_invalid passed:
  error: type mismatch in function, expected [] but got [i32]
  0000024: error: EndFunctionBody callback failed
out/test/spec/reference-types/table_grow.wast:153: assert_invalid passed:
  error: type mismatch in implicit return, expected [f32] but got [i32]
  0000025: error: EndFunctionBody callback failed
44/44 tests passed.
;;; STDOUT ;;)
